{"/home/phani/repos/se285/SoftwareEngineering-102/nodejs/controllers/courseController.js": {"path":"/home/phani/repos/se285/SoftwareEngineering-102/nodejs/controllers/courseController.js","statementMap":{"0":{"start":{"line":1,"column":15},"end":{"line":1,"column":34}},"1":{"start":{"line":2,"column":8},"end":{"line":2,"column":31}},"2":{"start":{"line":3,"column":11},"end":{"line":3,"column":28}},"3":{"start":{"line":4,"column":16},"end":{"line":4,"column":34}},"4":{"start":{"line":6,"column":0},"end":{"line":6,"column":43}},"5":{"start":{"line":8,"column":15},"end":{"line":15,"column":2}},"6":{"start":{"line":17,"column":0},"end":{"line":52,"column":2}},"7":{"start":{"line":18,"column":2},"end":{"line":18,"column":50}},"8":{"start":{"line":19,"column":2},"end":{"line":51,"column":3}},"9":{"start":{"line":20,"column":21},"end":{"line":20,"column":30}},"10":{"start":{"line":21,"column":4},"end":{"line":46,"column":9}},"11":{"start":{"line":24,"column":8},"end":{"line":41,"column":9}},"12":{"start":{"line":25,"column":10},"end":{"line":25,"column":61}},"13":{"start":{"line":26,"column":10},"end":{"line":29,"column":12}},"14":{"start":{"line":30,"column":10},"end":{"line":30,"column":36}},"15":{"start":{"line":32,"column":10},"end":{"line":35,"column":12}},"16":{"start":{"line":36,"column":10},"end":{"line":36,"column":26}},"17":{"start":{"line":37,"column":10},"end":{"line":40,"column":13}},"18":{"start":{"line":44,"column":8},"end":{"line":44,"column":67}},"19":{"start":{"line":45,"column":8},"end":{"line":45,"column":31}},"20":{"start":{"line":48,"column":4},"end":{"line":50,"column":65}}},"fnMap":{"0":{"name":"(anonymous_0)","decl":{"start":{"line":17,"column":34},"end":{"line":17,"column":35}},"loc":{"start":{"line":17,"column":54},"end":{"line":52,"column":1}},"line":17},"1":{"name":"(anonymous_1)","decl":{"start":{"line":23,"column":12},"end":{"line":23,"column":13}},"loc":{"start":{"line":23,"column":25},"end":{"line":42,"column":7}},"line":23},"2":{"name":"(anonymous_2)","decl":{"start":{"line":43,"column":13},"end":{"line":43,"column":14}},"loc":{"start":{"line":43,"column":24},"end":{"line":46,"column":7}},"line":43}},"branchMap":{"0":{"loc":{"start":{"line":19,"column":2},"end":{"line":51,"column":3}},"type":"if","locations":[{"start":{"line":19,"column":2},"end":{"line":51,"column":3}},{"start":{"line":47,"column":9},"end":{"line":51,"column":3}}],"line":19},"1":{"loc":{"start":{"line":24,"column":8},"end":{"line":41,"column":9}},"type":"if","locations":[{"start":{"line":24,"column":8},"end":{"line":41,"column":9}},{"start":{"line":31,"column":15},"end":{"line":41,"column":9}}],"line":24}},"s":{"0":1,"1":1,"2":1,"3":1,"4":1,"5":1,"6":1,"7":1,"8":1,"9":1,"10":1,"11":1,"12":1,"13":1,"14":1,"15":0,"16":0,"17":0,"18":0,"19":0,"20":0},"f":{"0":1,"1":1,"2":0},"b":{"0":[1,0],"1":[1,0]},"_coverageSchema":"1a1c01bbd47fc00a2c39e90264f33305004495a9","hash":"e17012833d5e2d6fc8fdac3b4996096d756b2ab6"}
,"/home/phani/repos/se285/SoftwareEngineering-102/nodejs/controllers/deptController.js": {"path":"/home/phani/repos/se285/SoftwareEngineering-102/nodejs/controllers/deptController.js","statementMap":{"0":{"start":{"line":1,"column":15},"end":{"line":1,"column":34}},"1":{"start":{"line":2,"column":8},"end":{"line":2,"column":31}},"2":{"start":{"line":3,"column":11},"end":{"line":3,"column":28}},"3":{"start":{"line":4,"column":0},"end":{"line":4,"column":39}},"4":{"start":{"line":5,"column":16},"end":{"line":5,"column":34}},"5":{"start":{"line":7,"column":15},"end":{"line":14,"column":2}},"6":{"start":{"line":16,"column":0},"end":{"line":50,"column":2}},"7":{"start":{"line":17,"column":2},"end":{"line":17,"column":40}},"8":{"start":{"line":18,"column":2},"end":{"line":49,"column":3}},"9":{"start":{"line":19,"column":4},"end":{"line":44,"column":9}},"10":{"start":{"line":22,"column":8},"end":{"line":38,"column":9}},"11":{"start":{"line":23,"column":10},"end":{"line":23,"column":51}},"12":{"start":{"line":25,"column":10},"end":{"line":28,"column":12}},"13":{"start":{"line":29,"column":10},"end":{"line":29,"column":36}},"14":{"start":{"line":31,"column":10},"end":{"line":31,"column":67}},"15":{"start":{"line":33,"column":10},"end":{"line":33,"column":26}},"16":{"start":{"line":34,"column":10},"end":{"line":37,"column":13}},"17":{"start":{"line":41,"column":8},"end":{"line":41,"column":56}},"18":{"start":{"line":43,"column":8},"end":{"line":43,"column":31}},"19":{"start":{"line":46,"column":4},"end":{"line":48,"column":65}}},"fnMap":{"0":{"name":"(anonymous_0)","decl":{"start":{"line":16,"column":24},"end":{"line":16,"column":25}},"loc":{"start":{"line":16,"column":44},"end":{"line":50,"column":1}},"line":16},"1":{"name":"(anonymous_1)","decl":{"start":{"line":21,"column":12},"end":{"line":21,"column":13}},"loc":{"start":{"line":21,"column":23},"end":{"line":39,"column":7}},"line":21},"2":{"name":"(anonymous_2)","decl":{"start":{"line":40,"column":13},"end":{"line":40,"column":14}},"loc":{"start":{"line":40,"column":24},"end":{"line":44,"column":7}},"line":40}},"branchMap":{"0":{"loc":{"start":{"line":18,"column":2},"end":{"line":49,"column":3}},"type":"if","locations":[{"start":{"line":18,"column":2},"end":{"line":49,"column":3}},{"start":{"line":45,"column":9},"end":{"line":49,"column":3}}],"line":18},"1":{"loc":{"start":{"line":22,"column":8},"end":{"line":38,"column":9}},"type":"if","locations":[{"start":{"line":22,"column":8},"end":{"line":38,"column":9}},{"start":{"line":30,"column":15},"end":{"line":38,"column":9}}],"line":22}},"s":{"0":1,"1":1,"2":1,"3":1,"4":1,"5":1,"6":1,"7":1,"8":1,"9":1,"10":1,"11":1,"12":1,"13":1,"14":0,"15":0,"16":0,"17":0,"18":0,"19":0},"f":{"0":1,"1":1,"2":0},"b":{"0":[1,0],"1":[1,0]},"_coverageSchema":"1a1c01bbd47fc00a2c39e90264f33305004495a9","hash":"d74c156a5ce312d041f23e4ae97159f8b928e7d5"}
,"/home/phani/repos/se285/SoftwareEngineering-102/nodejs/controllers/reviewController.js": {"path":"/home/phani/repos/se285/SoftwareEngineering-102/nodejs/controllers/reviewController.js","statementMap":{"0":{"start":{"line":1,"column":15},"end":{"line":1,"column":34}},"1":{"start":{"line":2,"column":8},"end":{"line":2,"column":31}},"2":{"start":{"line":3,"column":11},"end":{"line":3,"column":28}},"3":{"start":{"line":4,"column":0},"end":{"line":4,"column":34}},"4":{"start":{"line":5,"column":16},"end":{"line":5,"column":34}},"5":{"start":{"line":6,"column":15},"end":{"line":13,"column":2}},"6":{"start":{"line":15,"column":0},"end":{"line":47,"column":2}},"7":{"start":{"line":16,"column":2},"end":{"line":16,"column":41}},"8":{"start":{"line":17,"column":31},"end":{"line":17,"column":40}},"9":{"start":{"line":18,"column":2},"end":{"line":46,"column":3}},"10":{"start":{"line":19,"column":4},"end":{"line":41,"column":9}},"11":{"start":{"line":22,"column":8},"end":{"line":36,"column":9}},"12":{"start":{"line":23,"column":10},"end":{"line":23,"column":64}},"13":{"start":{"line":24,"column":10},"end":{"line":27,"column":12}},"14":{"start":{"line":28,"column":10},"end":{"line":28,"column":36}},"15":{"start":{"line":30,"column":10},"end":{"line":30,"column":80}},"16":{"start":{"line":31,"column":10},"end":{"line":31,"column":26}},"17":{"start":{"line":32,"column":10},"end":{"line":35,"column":13}},"18":{"start":{"line":39,"column":8},"end":{"line":39,"column":66}},"19":{"start":{"line":40,"column":8},"end":{"line":40,"column":31}},"20":{"start":{"line":43,"column":4},"end":{"line":45,"column":65}},"21":{"start":{"line":49,"column":0},"end":{"line":98,"column":2}},"22":{"start":{"line":50,"column":2},"end":{"line":50,"column":49}},"23":{"start":{"line":51,"column":21},"end":{"line":51,"column":29}},"24":{"start":{"line":52,"column":2},"end":{"line":97,"column":3}},"25":{"start":{"line":53,"column":4},"end":{"line":92,"column":9}},"26":{"start":{"line":60,"column":22},"end":{"line":66,"column":9}},"27":{"start":{"line":67,"column":8},"end":{"line":88,"column":9}},"28":{"start":{"line":68,"column":10},"end":{"line":68,"column":75}},"29":{"start":{"line":69,"column":24},"end":{"line":69,"column":44}},"30":{"start":{"line":70,"column":10},"end":{"line":75,"column":11}},"31":{"start":{"line":71,"column":12},"end":{"line":74,"column":13}},"32":{"start":{"line":72,"column":14},"end":{"line":72,"column":49}},"33":{"start":{"line":73,"column":14},"end":{"line":73,"column":20}},"34":{"start":{"line":76,"column":10},"end":{"line":79,"column":12}},"35":{"start":{"line":80,"column":10},"end":{"line":80,"column":36}},"36":{"start":{"line":82,"column":10},"end":{"line":82,"column":79}},"37":{"start":{"line":83,"column":10},"end":{"line":83,"column":26}},"38":{"start":{"line":84,"column":10},"end":{"line":87,"column":13}},"39":{"start":{"line":91,"column":8},"end":{"line":91,"column":31}},"40":{"start":{"line":94,"column":4},"end":{"line":96,"column":65}},"41":{"start":{"line":100,"column":0},"end":{"line":185,"column":2}},"42":{"start":{"line":101,"column":2},"end":{"line":101,"column":37}},"43":{"start":{"line":102,"column":21},"end":{"line":102,"column":29}},"44":{"start":{"line":103,"column":2},"end":{"line":184,"column":3}},"45":{"start":{"line":104,"column":4},"end":{"line":179,"column":9}},"46":{"start":{"line":111,"column":8},"end":{"line":111,"column":55}},"47":{"start":{"line":112,"column":8},"end":{"line":174,"column":9}},"48":{"start":{"line":113,"column":27},"end":{"line":113,"column":39}},"49":{"start":{"line":114,"column":10},"end":{"line":120,"column":12}},"50":{"start":{"line":121,"column":26},"end":{"line":121,"column":48}},"51":{"start":{"line":122,"column":29},"end":{"line":122,"column":79}},"52":{"start":{"line":124,"column":25},"end":{"line":124,"column":30}},"53":{"start":{"line":125,"column":10},"end":{"line":139,"column":11}},"54":{"start":{"line":126,"column":12},"end":{"line":138,"column":13}},"55":{"start":{"line":127,"column":33},"end":{"line":127,"column":61}},"56":{"start":{"line":128,"column":14},"end":{"line":130,"column":42}},"57":{"start":{"line":131,"column":14},"end":{"line":131,"column":61}},"58":{"start":{"line":132,"column":14},"end":{"line":134,"column":42}},"59":{"start":{"line":135,"column":14},"end":{"line":135,"column":39}},"60":{"start":{"line":136,"column":14},"end":{"line":136,"column":30}},"61":{"start":{"line":137,"column":14},"end":{"line":137,"column":20}},"62":{"start":{"line":140,"column":10},"end":{"line":144,"column":11}},"63":{"start":{"line":141,"column":12},"end":{"line":141,"column":74}},"64":{"start":{"line":142,"column":12},"end":{"line":143,"column":77}},"65":{"start":{"line":145,"column":10},"end":{"line":167,"column":15}},"66":{"start":{"line":159,"column":14},"end":{"line":162,"column":16}},"67":{"start":{"line":163,"column":14},"end":{"line":163,"column":40}},"68":{"start":{"line":166,"column":14},"end":{"line":166,"column":37}},"69":{"start":{"line":169,"column":10},"end":{"line":169,"column":26}},"70":{"start":{"line":170,"column":10},"end":{"line":173,"column":13}},"71":{"start":{"line":177,"column":8},"end":{"line":177,"column":50}},"72":{"start":{"line":178,"column":8},"end":{"line":178,"column":31}},"73":{"start":{"line":181,"column":4},"end":{"line":183,"column":65}}},"fnMap":{"0":{"name":"(anonymous_0)","decl":{"start":{"line":15,"column":21},"end":{"line":15,"column":22}},"loc":{"start":{"line":15,"column":41},"end":{"line":47,"column":1}},"line":15},"1":{"name":"(anonymous_1)","decl":{"start":{"line":21,"column":12},"end":{"line":21,"column":13}},"loc":{"start":{"line":21,"column":25},"end":{"line":37,"column":7}},"line":21},"2":{"name":"(anonymous_2)","decl":{"start":{"line":38,"column":13},"end":{"line":38,"column":14}},"loc":{"start":{"line":38,"column":24},"end":{"line":41,"column":7}},"line":38},"3":{"name":"(anonymous_3)","decl":{"start":{"line":49,"column":30},"end":{"line":49,"column":31}},"loc":{"start":{"line":49,"column":50},"end":{"line":98,"column":1}},"line":49},"4":{"name":"(anonymous_4)","decl":{"start":{"line":59,"column":12},"end":{"line":59,"column":13}},"loc":{"start":{"line":59,"column":30},"end":{"line":89,"column":7}},"line":59},"5":{"name":"(anonymous_5)","decl":{"start":{"line":90,"column":13},"end":{"line":90,"column":14}},"loc":{"start":{"line":90,"column":24},"end":{"line":92,"column":7}},"line":90},"6":{"name":"(anonymous_6)","decl":{"start":{"line":100,"column":21},"end":{"line":100,"column":22}},"loc":{"start":{"line":100,"column":41},"end":{"line":185,"column":1}},"line":100},"7":{"name":"(anonymous_7)","decl":{"start":{"line":110,"column":12},"end":{"line":110,"column":13}},"loc":{"start":{"line":110,"column":30},"end":{"line":175,"column":7}},"line":110},"8":{"name":"(anonymous_8)","decl":{"start":{"line":158,"column":18},"end":{"line":158,"column":19}},"loc":{"start":{"line":158,"column":37},"end":{"line":164,"column":13}},"line":158},"9":{"name":"(anonymous_9)","decl":{"start":{"line":165,"column":19},"end":{"line":165,"column":20}},"loc":{"start":{"line":165,"column":30},"end":{"line":167,"column":13}},"line":165},"10":{"name":"(anonymous_10)","decl":{"start":{"line":176,"column":13},"end":{"line":176,"column":14}},"loc":{"start":{"line":176,"column":24},"end":{"line":179,"column":7}},"line":176}},"branchMap":{"0":{"loc":{"start":{"line":18,"column":2},"end":{"line":46,"column":3}},"type":"if","locations":[{"start":{"line":18,"column":2},"end":{"line":46,"column":3}},{"start":{"line":42,"column":9},"end":{"line":46,"column":3}}],"line":18},"1":{"loc":{"start":{"line":22,"column":8},"end":{"line":36,"column":9}},"type":"if","locations":[{"start":{"line":22,"column":8},"end":{"line":36,"column":9}},{"start":{"line":29,"column":15},"end":{"line":36,"column":9}}],"line":22},"2":{"loc":{"start":{"line":52,"column":2},"end":{"line":97,"column":3}},"type":"if","locations":[{"start":{"line":52,"column":2},"end":{"line":97,"column":3}},{"start":{"line":93,"column":9},"end":{"line":97,"column":3}}],"line":52},"3":{"loc":{"start":{"line":67,"column":8},"end":{"line":88,"column":9}},"type":"if","locations":[{"start":{"line":67,"column":8},"end":{"line":88,"column":9}},{"start":{"line":81,"column":15},"end":{"line":88,"column":9}}],"line":67},"4":{"loc":{"start":{"line":71,"column":12},"end":{"line":74,"column":13}},"type":"if","locations":[{"start":{"line":71,"column":12},"end":{"line":74,"column":13}},{"start":{},"end":{}}],"line":71},"5":{"loc":{"start":{"line":103,"column":2},"end":{"line":184,"column":3}},"type":"if","locations":[{"start":{"line":103,"column":2},"end":{"line":184,"column":3}},{"start":{"line":180,"column":9},"end":{"line":184,"column":3}}],"line":103},"6":{"loc":{"start":{"line":112,"column":8},"end":{"line":174,"column":9}},"type":"if","locations":[{"start":{"line":112,"column":8},"end":{"line":174,"column":9}},{"start":{"line":168,"column":15},"end":{"line":174,"column":9}}],"line":112},"7":{"loc":{"start":{"line":126,"column":12},"end":{"line":138,"column":13}},"type":"if","locations":[{"start":{"line":126,"column":12},"end":{"line":138,"column":13}},{"start":{},"end":{}}],"line":126},"8":{"loc":{"start":{"line":140,"column":10},"end":{"line":144,"column":11}},"type":"if","locations":[{"start":{"line":140,"column":10},"end":{"line":144,"column":11}},{"start":{},"end":{}}],"line":140}},"s":{"0":1,"1":1,"2":1,"3":1,"4":1,"5":1,"6":1,"7":1,"8":1,"9":1,"10":1,"11":1,"12":1,"13":1,"14":1,"15":0,"16":0,"17":0,"18":0,"19":0,"20":0,"21":1,"22":1,"23":1,"24":1,"25":1,"26":1,"27":1,"28":1,"29":1,"30":1,"31":2,"32":0,"33":0,"34":1,"35":1,"36":0,"37":0,"38":0,"39":0,"40":0,"41":1,"42":0,"43":0,"44":0,"45":0,"46":0,"47":0,"48":0,"49":0,"50":0,"51":0,"52":0,"53":0,"54":0,"55":0,"56":0,"57":0,"58":0,"59":0,"60":0,"61":0,"62":0,"63":0,"64":0,"65":0,"66":0,"67":0,"68":0,"69":0,"70":0,"71":0,"72":0,"73":0},"f":{"0":1,"1":1,"2":0,"3":1,"4":1,"5":0,"6":0,"7":0,"8":0,"9":0,"10":0},"b":{"0":[1,0],"1":[1,0],"2":[1,0],"3":[1,0],"4":[0,2],"5":[0,0],"6":[0,0],"7":[0,0],"8":[0,0]},"_coverageSchema":"1a1c01bbd47fc00a2c39e90264f33305004495a9","hash":"42f2d5c3f968cbbe12b3f9774aeaa9350c32dd9f"}
,"/home/phani/repos/se285/SoftwareEngineering-102/nodejs/controllers/userController.js": {"path":"/home/phani/repos/se285/SoftwareEngineering-102/nodejs/controllers/userController.js","statementMap":{"0":{"start":{"line":1,"column":15},"end":{"line":1,"column":34}},"1":{"start":{"line":2,"column":8},"end":{"line":2,"column":31}},"2":{"start":{"line":3,"column":11},"end":{"line":3,"column":28}},"3":{"start":{"line":4,"column":0},"end":{"line":4,"column":30}},"4":{"start":{"line":5,"column":16},"end":{"line":5,"column":34}},"5":{"start":{"line":6,"column":16},"end":{"line":6,"column":39}},"6":{"start":{"line":7,"column":16},"end":{"line":10,"column":1}},"7":{"start":{"line":12,"column":15},"end":{"line":19,"column":2}},"8":{"start":{"line":21,"column":0},"end":{"line":54,"column":2}},"9":{"start":{"line":22,"column":16},"end":{"line":22,"column":34}},"10":{"start":{"line":23,"column":2},"end":{"line":23,"column":65}},"11":{"start":{"line":24,"column":2},"end":{"line":24,"column":39}},"12":{"start":{"line":25,"column":2},"end":{"line":53,"column":7}},"13":{"start":{"line":27,"column":6},"end":{"line":49,"column":7}},"14":{"start":{"line":28,"column":8},"end":{"line":42,"column":13}},"15":{"start":{"line":31,"column":12},"end":{"line":36,"column":14}},"16":{"start":{"line":37,"column":12},"end":{"line":37,"column":50}},"17":{"start":{"line":38,"column":12},"end":{"line":38,"column":38}},"18":{"start":{"line":41,"column":12},"end":{"line":41,"column":35}},"19":{"start":{"line":44,"column":8},"end":{"line":44,"column":24}},"20":{"start":{"line":45,"column":8},"end":{"line":48,"column":11}},"21":{"start":{"line":52,"column":6},"end":{"line":52,"column":29}},"22":{"start":{"line":56,"column":0},"end":{"line":87,"column":2}},"23":{"start":{"line":57,"column":2},"end":{"line":57,"column":38}},"24":{"start":{"line":58,"column":2},"end":{"line":86,"column":7}},"25":{"start":{"line":62,"column":6},"end":{"line":81,"column":7}},"26":{"start":{"line":63,"column":8},"end":{"line":63,"column":49}},"27":{"start":{"line":64,"column":8},"end":{"line":67,"column":11}},"28":{"start":{"line":68,"column":13},"end":{"line":81,"column":7}},"29":{"start":{"line":69,"column":8},"end":{"line":69,"column":52}},"30":{"start":{"line":70,"column":8},"end":{"line":73,"column":11}},"31":{"start":{"line":75,"column":8},"end":{"line":75,"column":67}},"32":{"start":{"line":76,"column":8},"end":{"line":80,"column":11}},"33":{"start":{"line":84,"column":6},"end":{"line":84,"column":47}},"34":{"start":{"line":85,"column":6},"end":{"line":85,"column":29}},"35":{"start":{"line":89,"column":0},"end":{"line":139,"column":2}},"36":{"start":{"line":90,"column":2},"end":{"line":90,"column":35}},"37":{"start":{"line":92,"column":25},"end":{"line":92,"column":34}},"38":{"start":{"line":93,"column":2},"end":{"line":138,"column":7}},"39":{"start":{"line":97,"column":6},"end":{"line":132,"column":7}},"40":{"start":{"line":98,"column":8},"end":{"line":98,"column":56}},"41":{"start":{"line":99,"column":8},"end":{"line":103,"column":12}},"42":{"start":{"line":105,"column":8},"end":{"line":131,"column":9}},"43":{"start":{"line":106,"column":10},"end":{"line":124,"column":15}},"44":{"start":{"line":108,"column":14},"end":{"line":108,"column":55}},"45":{"start":{"line":110,"column":14},"end":{"line":114,"column":18}},"46":{"start":{"line":117,"column":14},"end":{"line":117,"column":57}},"47":{"start":{"line":119,"column":14},"end":{"line":123,"column":18}},"48":{"start":{"line":126,"column":10},"end":{"line":130,"column":14}},"49":{"start":{"line":135,"column":6},"end":{"line":135,"column":47}},"50":{"start":{"line":137,"column":6},"end":{"line":137,"column":29}},"51":{"start":{"line":141,"column":0},"end":{"line":149,"column":2}},"52":{"start":{"line":142,"column":2},"end":{"line":142,"column":41}},"53":{"start":{"line":143,"column":2},"end":{"line":148,"column":3}},"54":{"start":{"line":144,"column":4},"end":{"line":144,"column":11}},"55":{"start":{"line":146,"column":4},"end":{"line":146,"column":38}},"56":{"start":{"line":147,"column":4},"end":{"line":147,"column":68}},"57":{"start":{"line":150,"column":0},"end":{"line":160,"column":2}},"58":{"start":{"line":151,"column":2},"end":{"line":151,"column":41}},"59":{"start":{"line":152,"column":2},"end":{"line":159,"column":3}},"60":{"start":{"line":153,"column":4},"end":{"line":153,"column":33}},"61":{"start":{"line":154,"column":4},"end":{"line":154,"column":23}},"62":{"start":{"line":155,"column":4},"end":{"line":155,"column":11}},"63":{"start":{"line":157,"column":4},"end":{"line":157,"column":33}},"64":{"start":{"line":158,"column":4},"end":{"line":158,"column":62}},"65":{"start":{"line":163,"column":2},"end":{"line":163,"column":36}},"66":{"start":{"line":164,"column":18},"end":{"line":187,"column":4}},"67":{"start":{"line":188,"column":2},"end":{"line":194,"column":7}},"68":{"start":{"line":190,"column":6},"end":{"line":190,"column":32}},"69":{"start":{"line":193,"column":6},"end":{"line":193,"column":34}},"70":{"start":{"line":198,"column":12},"end":{"line":198,"column":17}},"71":{"start":{"line":199,"column":12},"end":{"line":199,"column":17}},"72":{"start":{"line":200,"column":21},"end":{"line":200,"column":70}},"73":{"start":{"line":201,"column":2},"end":{"line":201,"column":22}}},"fnMap":{"0":{"name":"(anonymous_0)","decl":{"start":{"line":21,"column":19},"end":{"line":21,"column":20}},"loc":{"start":{"line":21,"column":39},"end":{"line":54,"column":1}},"line":21},"1":{"name":"(anonymous_1)","decl":{"start":{"line":26,"column":10},"end":{"line":26,"column":11}},"loc":{"start":{"line":26,"column":20},"end":{"line":50,"column":5}},"line":26},"2":{"name":"(anonymous_2)","decl":{"start":{"line":30,"column":16},"end":{"line":30,"column":17}},"loc":{"start":{"line":30,"column":31},"end":{"line":39,"column":11}},"line":30},"3":{"name":"(anonymous_3)","decl":{"start":{"line":40,"column":17},"end":{"line":40,"column":18}},"loc":{"start":{"line":40,"column":28},"end":{"line":42,"column":11}},"line":40},"4":{"name":"(anonymous_4)","decl":{"start":{"line":51,"column":11},"end":{"line":51,"column":12}},"loc":{"start":{"line":51,"column":22},"end":{"line":53,"column":5}},"line":51},"5":{"name":"(anonymous_5)","decl":{"start":{"line":56,"column":18},"end":{"line":56,"column":19}},"loc":{"start":{"line":56,"column":38},"end":{"line":87,"column":1}},"line":56},"6":{"name":"(anonymous_6)","decl":{"start":{"line":61,"column":10},"end":{"line":61,"column":11}},"loc":{"start":{"line":61,"column":20},"end":{"line":82,"column":5}},"line":61},"7":{"name":"(anonymous_7)","decl":{"start":{"line":83,"column":11},"end":{"line":83,"column":12}},"loc":{"start":{"line":83,"column":22},"end":{"line":86,"column":5}},"line":83},"8":{"name":"(anonymous_8)","decl":{"start":{"line":89,"column":21},"end":{"line":89,"column":22}},"loc":{"start":{"line":89,"column":41},"end":{"line":139,"column":1}},"line":89},"9":{"name":"(anonymous_9)","decl":{"start":{"line":96,"column":10},"end":{"line":96,"column":11}},"loc":{"start":{"line":96,"column":20},"end":{"line":133,"column":5}},"line":96},"10":{"name":"(anonymous_10)","decl":{"start":{"line":107,"column":18},"end":{"line":107,"column":19}},"loc":{"start":{"line":107,"column":30},"end":{"line":115,"column":13}},"line":107},"11":{"name":"(anonymous_11)","decl":{"start":{"line":116,"column":19},"end":{"line":116,"column":20}},"loc":{"start":{"line":116,"column":28},"end":{"line":124,"column":13}},"line":116},"12":{"name":"(anonymous_12)","decl":{"start":{"line":134,"column":11},"end":{"line":134,"column":12}},"loc":{"start":{"line":134,"column":22},"end":{"line":138,"column":5}},"line":134},"13":{"name":"(anonymous_13)","decl":{"start":{"line":141,"column":24},"end":{"line":141,"column":25}},"loc":{"start":{"line":141,"column":50},"end":{"line":149,"column":1}},"line":141},"14":{"name":"(anonymous_14)","decl":{"start":{"line":150,"column":18},"end":{"line":150,"column":19}},"loc":{"start":{"line":150,"column":44},"end":{"line":160,"column":1}},"line":150},"15":{"name":"sendEmail","decl":{"start":{"line":162,"column":9},"end":{"line":162,"column":18}},"loc":{"start":{"line":162,"column":31},"end":{"line":195,"column":1}},"line":162},"16":{"name":"(anonymous_16)","decl":{"start":{"line":189,"column":10},"end":{"line":189,"column":11}},"loc":{"start":{"line":189,"column":22},"end":{"line":191,"column":5}},"line":189},"17":{"name":"(anonymous_17)","decl":{"start":{"line":192,"column":11},"end":{"line":192,"column":12}},"loc":{"start":{"line":192,"column":20},"end":{"line":194,"column":5}},"line":192},"18":{"name":"generateRandomNumber","decl":{"start":{"line":197,"column":9},"end":{"line":197,"column":29}},"loc":{"start":{"line":197,"column":32},"end":{"line":202,"column":1}},"line":197}},"branchMap":{"0":{"loc":{"start":{"line":27,"column":6},"end":{"line":49,"column":7}},"type":"if","locations":[{"start":{"line":27,"column":6},"end":{"line":49,"column":7}},{"start":{"line":43,"column":13},"end":{"line":49,"column":7}}],"line":27},"1":{"loc":{"start":{"line":62,"column":6},"end":{"line":81,"column":7}},"type":"if","locations":[{"start":{"line":62,"column":6},"end":{"line":81,"column":7}},{"start":{"line":68,"column":13},"end":{"line":81,"column":7}}],"line":62},"2":{"loc":{"start":{"line":62,"column":10},"end":{"line":62,"column":59}},"type":"binary-expr","locations":[{"start":{"line":62,"column":10},"end":{"line":62,"column":15}},{"start":{"line":62,"column":19},"end":{"line":62,"column":59}}],"line":62},"3":{"loc":{"start":{"line":68,"column":13},"end":{"line":81,"column":7}},"type":"if","locations":[{"start":{"line":68,"column":13},"end":{"line":81,"column":7}},{"start":{"line":74,"column":13},"end":{"line":81,"column":7}}],"line":68},"4":{"loc":{"start":{"line":97,"column":6},"end":{"line":132,"column":7}},"type":"if","locations":[{"start":{"line":97,"column":6},"end":{"line":132,"column":7}},{"start":{"line":104,"column":13},"end":{"line":132,"column":7}}],"line":97},"5":{"loc":{"start":{"line":105,"column":8},"end":{"line":131,"column":9}},"type":"if","locations":[{"start":{"line":105,"column":8},"end":{"line":131,"column":9}},{"start":{"line":125,"column":15},"end":{"line":131,"column":9}}],"line":105},"6":{"loc":{"start":{"line":143,"column":2},"end":{"line":148,"column":3}},"type":"if","locations":[{"start":{"line":143,"column":2},"end":{"line":148,"column":3}},{"start":{"line":145,"column":9},"end":{"line":148,"column":3}}],"line":143},"7":{"loc":{"start":{"line":152,"column":2},"end":{"line":159,"column":3}},"type":"if","locations":[{"start":{"line":152,"column":2},"end":{"line":159,"column":3}},{"start":{"line":156,"column":9},"end":{"line":159,"column":3}}],"line":152}},"s":{"0":1,"1":1,"2":1,"3":1,"4":1,"5":1,"6":1,"7":1,"8":1,"9":0,"10":0,"11":0,"12":0,"13":0,"14":0,"15":0,"16":0,"17":0,"18":0,"19":0,"20":0,"21":0,"22":1,"23":1,"24":1,"25":1,"26":0,"27":0,"28":1,"29":0,"30":0,"31":1,"32":1,"33":0,"34":0,"35":1,"36":0,"37":0,"38":0,"39":0,"40":0,"41":0,"42":0,"43":0,"44":0,"45":0,"46":0,"47":0,"48":0,"49":0,"50":0,"51":1,"52":2,"53":2,"54":1,"55":1,"56":1,"57":1,"58":1,"59":1,"60":1,"61":1,"62":1,"63":0,"64":0,"65":0,"66":0,"67":0,"68":0,"69":0,"70":0,"71":0,"72":0,"73":0},"f":{"0":0,"1":0,"2":0,"3":0,"4":0,"5":1,"6":1,"7":0,"8":0,"9":0,"10":0,"11":0,"12":0,"13":2,"14":1,"15":0,"16":0,"17":0,"18":0},"b":{"0":[0,0],"1":[0,1],"2":[1,1],"3":[0,1],"4":[0,0],"5":[0,0],"6":[1,1],"7":[1,0]},"_coverageSchema":"1a1c01bbd47fc00a2c39e90264f33305004495a9","hash":"3261f0882b562c6e9b611859cb3c059621eb3d3e"}
}
